<?xml version="1.0" encoding="UTF-8"?>
<testsuite name="Login Test"
           tests="2"
           failures="0"
           errors="0"
           skipped="0"
           time="19.276">
  <properties />
  
  
            <testcase name="verifyProductsPriceDisplayHighToLowSuccessfully" time="1.814" classname="com.tutorialsninja.testsuite.LaptopsAndNoteBooksTest" />
                <testcase name="verifyThatUserPlaceOrderSuccessfully" time="17.462" classname="com.tutorialsninja.testsuite.LaptopsAndNoteBooksTest" />
      
</testsuite>
